<?xml version="1.0" encoding="UTF-8"?>
<!-- Generated by org.testng.reporters.JUnitReportReporter -->
<testsuite hostname="BDEV4JS55R1" name="com.test.ww.WWTestCases" tests="4" failures="0" timestamp="6 Jun 2018 02:46:53 GMT" time="11.239" errors="0">
  <testcase name="TestCase1_WebPageTitle" time="2.451" classname="com.test.ww.WWTestCases"/>
  <testcase name="TestCase2_MeetingPageTitle" time="4.845" classname="com.test.ww.WWTestCases"/>
  <testcase name="TestCase3_LocationSearch" time="3.898" classname="com.test.ww.WWTestCases"/>
  <testcase name="TestCase4_Hours" time="0.045" classname="com.test.ww.WWTestCases"/>
</testsuite> <!-- com.test.ww.WWTestCases -->
